<?xml version="1.0" encoding="UTF-8"?>
<!-- Generated by org.testng.reporters.JUnitXMLReporter -->
<testsuite hostname="7020761JPRODTAP" ignored="0" name="Command line test" tests="1" failures="0" timestamp="2024-06-17T14:51:47 COT" time="0.486" errors="0">
  <testcase name="@BeforeClass beforeClass" time="0.414" classname="dxc.execution.BaseTestNG">
    <failure type="java.lang.NullPointerException">
      <![CDATA[java.lang.NullPointerException
at sun.awt.SunToolkit.getImageFromHash(Unknown Source)
at sun.awt.SunToolkit.getImage(Unknown Source)
at dxc.util.DXCUtil.getProviderIconImage(DXCUtil.java:90)
at dxc.util.ConsoleWindow.<init>(ConsoleWindow.java:64)
at dxc.execution.BaseTestNG.beforeClass(BaseTestNG.java:31)
at java.util.ArrayList.forEach(Unknown Source)
at CreadorJar.CrearJarDavivienda.main(CrearJarDavivienda.java:83)
... Removed 22 stack frames]]>
    </failure>
  </testcase> <!-- @BeforeClass beforeClass -->
  <testcase name="@AfterClass afterClass" time="-1.718653907274E9" classname="dxc.execution.BaseTestNG">
    <skipped/>
  </testcase> <!-- @AfterClass afterClass -->
  <testcase name="DXCExec" time="0.0" classname="dxc.execution.BaseTestNG">
    <skipped/>
  </testcase> <!-- DXCExec -->
</testsuite> <!-- Command line test -->
